01:42:38.030 [background-preinit] INFO  o.h.validator.internal.util.Version - HV000001: Hibernate Validator 8.0.3.Final
01:42:38.083 [main] INFO  c.t.t.TamboDeliveryBackendApplication - Starting TamboDeliveryBackendApplication using Java 24 with PID 22732 (C:\Users\USUARIO\OneDrive\Documentos\GitHub\Proyectos colaborativos\tambo-delivery\tambo-delivery-backend\target\classes started by USUARIO in C:\Users\USUARIO\OneDrive\Documentos\GitHub\Proyectos colaborativos\tambo-delivery\tambo-delivery-backend)
01:42:38.084 [main] INFO  c.t.t.TamboDeliveryBackendApplication - No active profile set, falling back to 1 default profile: "default"
01:42:39.181 [main] INFO  o.s.d.r.c.RepositoryConfigurationDelegate - Bootstrapping Spring Data JPA repositories in DEFAULT mode.
01:42:39.316 [main] INFO  o.s.d.r.c.RepositoryConfigurationDelegate - Finished Spring Data repository scanning in 123 ms. Found 12 JPA repository interfaces.
01:42:40.017 [main] INFO  o.s.b.w.e.tomcat.TomcatWebServer - Tomcat initialized with port 8080 (http)
01:42:40.036 [main] INFO  o.a.coyote.http11.Http11NioProtocol - Initializing ProtocolHandler ["http-nio-8080"]
01:42:40.038 [main] INFO  o.a.catalina.core.StandardService - Starting service [Tomcat]
01:42:40.038 [main] INFO  o.a.catalina.core.StandardEngine - Starting Servlet engine: [Apache Tomcat/10.1.44]
01:42:40.120 [main] INFO  o.a.c.c.C.[Tomcat].[localhost].[/] - Initializing Spring embedded WebApplicationContext
01:42:40.120 [main] INFO  o.s.b.w.s.c.ServletWebServerApplicationContext - Root WebApplicationContext: initialization completed in 1992 ms
01:42:40.332 [main] INFO  o.h.jpa.internal.util.LogHelper - HHH000204: Processing PersistenceUnitInfo [name: default]
01:42:40.396 [main] INFO  org.hibernate.Version - HHH000412: Hibernate ORM core version 6.6.26.Final
01:42:40.434 [main] INFO  o.h.c.i.RegionFactoryInitiator - HHH000026: Second-level cache disabled
01:42:40.796 [main] INFO  o.s.o.j.p.SpringPersistenceUnitInfo - No LoadTimeWeaver setup: ignoring JPA class transformer
01:42:40.837 [main] INFO  com.zaxxer.hikari.HikariDataSource - HikariPool-1 - Starting...
01:42:41.240 [main] INFO  com.zaxxer.hikari.pool.HikariPool - HikariPool-1 - Added connection com.mysql.cj.jdbc.ConnectionImpl@2f0e7fa8
01:42:41.241 [main] INFO  com.zaxxer.hikari.HikariDataSource - HikariPool-1 - Start completed.
01:42:41.330 [main] INFO  o.hibernate.orm.connections.pooling - HHH10001005: Database info:
	Database JDBC URL [Connecting through datasource 'HikariDataSource (HikariPool-1)']
	Database driver: undefined/unknown
	Database version: 8.0.36
	Autocommit mode: undefined/unknown
	Isolation level: undefined/unknown
	Minimum pool size: undefined/unknown
	Maximum pool size: undefined/unknown
01:42:42.401 [main] INFO  o.h.e.t.j.p.i.JtaPlatformInitiator - HHH000489: No JTA platform available (set 'hibernate.transaction.jta.platform' to enable JTA platform integration)
01:42:42.552 [main] INFO  o.s.o.j.LocalContainerEntityManagerFactoryBean - Initialized JPA EntityManagerFactory for persistence unit 'default'
01:42:43.029 [main] INFO  o.s.d.j.r.query.QueryEnhancerFactory - Hibernate is in classpath; If applicable, HQL parser will be used.
01:42:43.989 [main] INFO  o.s.s.c.a.a.c.InitializeUserDetailsBeanManagerConfigurer$InitializeUserDetailsManagerConfigurer - Global AuthenticationManager configured with UserDetailsService bean with name customUserDetailService
01:42:44.415 [main] INFO  o.a.coyote.http11.Http11NioProtocol - Starting ProtocolHandler ["http-nio-8080"]
01:42:44.438 [main] INFO  o.s.b.w.e.tomcat.TomcatWebServer - Tomcat started on port 8080 (http) with context path '/'
01:42:44.448 [main] INFO  c.t.t.TamboDeliveryBackendApplication - Started TamboDeliveryBackendApplication in 6.949 seconds (process running for 7.278)
01:43:03.009 [http-nio-8080-exec-1] INFO  o.a.c.c.C.[Tomcat].[localhost].[/] - Initializing Spring DispatcherServlet 'dispatcherServlet'
01:43:03.010 [http-nio-8080-exec-1] INFO  o.s.web.servlet.DispatcherServlet - Initializing Servlet 'dispatcherServlet'
01:43:03.011 [http-nio-8080-exec-1] INFO  o.s.web.servlet.DispatcherServlet - Completed initialization in 1 ms
